InnoDB: The first specified data file .\ibdata1 did not exist:
InnoDB: a new database to be created!
081223  1:04:16  InnoDB: Setting file .\ibdata1 size to 10 MB
InnoDB: Database physically writes the file full: wait...
081223  1:04:17  InnoDB: Log file .\ib_logfile0 did not exist: new to be created
InnoDB: Setting log file .\ib_logfile0 size to 5 MB
InnoDB: Database physically writes the file full: wait...
081223  1:04:18  InnoDB: Log file .\ib_logfile1 did not exist: new to be created
InnoDB: Setting log file .\ib_logfile1 size to 5 MB
InnoDB: Database physically writes the file full: wait...
InnoDB: Doublewrite buffer not found: creating new
InnoDB: Doublewrite buffer created
InnoDB: Creating foreign key constraint system tables
InnoDB: Foreign key constraint system tables created
081223  1:04:19  InnoDB: Started; log sequence number 0 0
081223  1:04:20 [Note] C:\PROGRA~1\EASYPH~1.0B1\MySql\bin\mysqld.exe: ready for connections.
Version: '5.0.27-community-log'  socket: ''  port: 3306  MySQL Community Edition (GPL)
081223  1:16:39  InnoDB: Database was not shut down normally!
InnoDB: Starting crash recovery.
InnoDB: Reading tablespace information from the .ibd files...
InnoDB: Restoring possible half-written data pages from the doublewrite
InnoDB: buffer...
081223  1:16:39  InnoDB: Starting log scan based on checkpoint at
InnoDB: log sequence number 0 43655.
InnoDB: Doing recovery: scanned up to log sequence number 0 43655
081223  1:16:40  InnoDB: Started; log sequence number 0 43655
081223  1:16:40 [Note] Recovering after a crash using mysql-bin
081223  1:16:40 [Note] Starting crash recovery...
081223  1:16:40 [Note] Crash recovery finished.
081223  1:16:40 [Note] C:\PROGRA~1\EASYPH~1.0B1\MySql\bin\mysqld.exe: ready for connections.
Version: '5.0.27-community-log'  socket: ''  port: 3306  MySQL Community Edition (GPL)
081223  1:17:16 [Note] C:\PROGRA~1\EASYPH~1.0B1\MySql\bin\mysqld.exe: 'Shutdown' normal

081223  1:17:16  InnoDB: Starting shutdown...
081223  1:17:18  InnoDB: Shutdown completed; log sequence number 0 43655
081223  1:17:18 [Note] C:\PROGRA~1\EASYPH~1.0B1\MySql\bin\mysqld.exe: 'Shutdown' completo

081223  1:17:21  InnoDB: Started; log sequence number 0 43655
081223  1:17:21 [Note] C:\PROGRA~1\EASYPH~1.0B1\MySql\bin\mysqld.exe: ready for connections.
Version: '5.0.27-community-log'  socket: ''  port: 3306  MySQL Community Edition (GPL)
081223  1:54:45 [Note] C:\PROGRA~1\EASYPH~1.0B1\MySql\bin\mysqld.exe: 'Shutdown' normal

081223  1:54:45  InnoDB: Starting shutdown...
081223  1:54:47  InnoDB: Shutdown completed; log sequence number 0 45730
081223  1:54:47 [Note] C:\PROGRA~1\EASYPH~1.0B1\MySql\bin\mysqld.exe: 'Shutdown' completo

081223  1:54:48  InnoDB: Started; log sequence number 0 45730
081223  1:54:48 [Note] C:\PROGRA~1\EASYPH~1.0B1\MySql\bin\mysqld.exe: ready for connections.
Version: '5.0.27-community-log'  socket: ''  port: 3306  MySQL Community Edition (GPL)
081223  1:54:58 [Note] C:\PROGRA~1\EASYPH~1.0B1\MySql\bin\mysqld.exe: 'Shutdown' normal

081223  1:54:58  InnoDB: Starting shutdown...
081223  1:55:02  InnoDB: Shutdown completed; log sequence number 0 45740
081223  1:55:02 [Note] C:\PROGRA~1\EASYPH~1.0B1\MySql\bin\mysqld.exe: 'Shutdown' completo

081223  1:55:03  InnoDB: Started; log sequence number 0 45740
081223  1:55:03 [Note] C:\PROGRA~1\EASYPH~1.0B1\MySql\bin\mysqld.exe: ready for connections.
Version: '5.0.27-community-log'  socket: ''  port: 3306  MySQL Community Edition (GPL)
